<?xml version="1.0" encoding="UTF-8"?>
<testsuite name="pg4.pg4.AppTest" tests="1" skipped="0" failures="0" errors="0" timestamp="2025-06-05T15:48:25.594Z" hostname="PANNIS-LAPT0P" time="0.01">
  <properties/>
  <testcase name="testApp" classname="pg4.pg4.AppTest" time="0.01"/>
  <system-out><![CDATA[]]></system-out>
  <system-err><![CDATA[]]></system-err>
</testsuite>
